\BOOKMARK [1][-]{section.1}{Státusz}{}% 1
\BOOKMARK [2][-]{subsection.1.1}{Javításra szorul}{section.1}% 2
\BOOKMARK [1][-]{section.2}{Fájlstruktúra és függvények}{}% 3
\BOOKMARK [2][-]{subsection.2.1}{drunt.c}{section.2}% 4
\BOOKMARK [3][-]{subsubsection.2.1.1}{main.c}{subsection.2.1}% 5
\BOOKMARK [2][-]{subsection.2.2}{dbHandler.c}{section.2}% 6
\BOOKMARK [3][-]{subsubsection.2.2.1}{MYERRNO\040ICS_load\(const\040char*\040file,\040Calendar*\040cal\)}{subsection.2.2}% 7
\BOOKMARK [3][-]{subsubsection.2.2.2}{MYERRNO\040ICS_write\(const\040char*\040file,\040const\040Calendar*\040cal,\040WriteMode\040wm\)}{subsection.2.2}% 8
\BOOKMARK [3][-]{subsubsection.2.2.3}{MYERRNO\040Calendar_create\(Calendar*\040cal\)}{subsection.2.2}% 9
\BOOKMARK [3][-]{subsubsection.2.2.4}{MYERRNO\040Calendar_destroy\(Calendar*\040cal\)}{subsection.2.2}% 10
\BOOKMARK [3][-]{subsubsection.2.2.5}{MYERRNO\040Calendar_addVEvent\(Calendar*\040cal,\040VEvent\040ve\)}{subsection.2.2}% 11
\BOOKMARK [3][-]{subsubsection.2.2.6}{MYERRNO\040Calendar_deleteVEvent\(Calendar*\040cal,\040VEvent\040ve\)}{subsection.2.2}% 12
\BOOKMARK [3][-]{subsubsection.2.2.7}{MYERRNO\040VEvent_delete\(VEvent*\040ve\)}{subsection.2.2}% 13
\BOOKMARK [2][-]{subsection.2.3}{interactiveHandler.c}{section.2}% 14
\BOOKMARK [3][-]{subsubsection.2.3.1}{void\040shell\(void\)}{subsection.2.3}% 15
\BOOKMARK [3][-]{subsubsection.2.3.2}{void\040shell_say\(ShellSays\040ss,\040const\040char*\040message,\040...\)}{subsection.2.3}% 16
\BOOKMARK [2][-]{subsection.2.4}{commandHandler.c}{section.2}% 17
\BOOKMARK [2][-]{subsection.2.5}{GUIHandler.c}{section.2}% 18
\BOOKMARK [2][-]{subsection.2.6}{helper.c}{section.2}% 19
\BOOKMARK [1][-]{section.3}{Adatstruktúra, tudnivalók}{}% 20
